<?xml version="1.0" encoding="UTF-8"?>
<testsuite name="com.amp.managed.storage.controller.test.ConfigurationControllerTest" tests="4" skipped="3" failures="0" errors="0" timestamp="2020-10-26T01:50:06" hostname="CAW1PF16H7PB" time="3.862">
  <properties/>
  <testcase name="testSayHello" classname="com.amp.managed.storage.controller.test.ConfigurationControllerTest" time="0.001">
    <skipped/>
  </testcase>
  <testcase name="testGetWorkerConfigV1" classname="com.amp.managed.storage.controller.test.ConfigurationControllerTest" time="0.0">
    <skipped/>
  </testcase>
  <testcase name="testGetWorkerConfigV2" classname="com.amp.managed.storage.controller.test.ConfigurationControllerTest" time="2.305"/>
  <testcase name="testStorageBaseLogic" classname="com.amp.managed.storage.controller.test.ConfigurationControllerTest" time="0.0">
    <skipped/>
  </testcase>
  <system-out><![CDATA[2020-10-25 21:50:09,903 INFO [Test worker] [com.amp.managed.storage.controller.test.ConfigurationControllerTest] - testGetWorkerConfigV2::formattedURL: http://localhost:8090/amp-storage-api/ConfigurationService/getWorkerConfig
s2020-10-25 21:50:10,045 DEBUG [Test worker] [org.springframework.web.client.RestTemplate] - HTTP GET http://localhost:8090/amp-storage-api/ConfigurationService/getWorkerConfig?cWorkerName=FacebookWorkerBean
s2020-10-25 21:50:10,225 DEBUG [Test worker] [org.springframework.web.client.RestTemplate] - Accept=[application/xml, text/xml, application/json, application/*+xml, application/*+json]
s2020-10-25 21:50:10,267 DEBUG [Test worker] [org.apache.http.client.protocol.RequestAddCookies] - CookieSpec selected: default
s2020-10-25 21:50:10,294 DEBUG [Test worker] [org.apache.http.client.protocol.RequestAuthCache] - Auth cache not set in the context
s2020-10-25 21:50:10,296 DEBUG [Test worker] [org.apache.http.impl.conn.PoolingHttpClientConnectionManager] - Connection request: [route: {}->http://localhost:8090][total kept alive: 0; route allocated: 0 of 5; total allocated: 0 of 10]
s2020-10-25 21:50:10,339 DEBUG [Test worker] [org.apache.http.impl.conn.PoolingHttpClientConnectionManager] - Connection leased: [id: 0][route: {}->http://localhost:8090][total kept alive: 0; route allocated: 1 of 5; total allocated: 1 of 10]
s2020-10-25 21:50:10,344 DEBUG [Test worker] [org.apache.http.impl.execchain.MainClientExec] - Opening connection {}->http://localhost:8090
s2020-10-25 21:50:10,351 DEBUG [Test worker] [org.apache.http.impl.conn.DefaultHttpClientConnectionOperator] - Connecting to localhost/127.0.0.1:8090
s2020-10-25 21:50:10,356 DEBUG [Test worker] [org.apache.http.impl.conn.DefaultHttpClientConnectionOperator] - Connection established 127.0.0.1:57269<->127.0.0.1:8090
s2020-10-25 21:50:10,356 DEBUG [Test worker] [org.apache.http.impl.execchain.MainClientExec] - Executing request GET /amp-storage-api/ConfigurationService/getWorkerConfig?cWorkerName=FacebookWorkerBean HTTP/1.1
s2020-10-25 21:50:10,357 DEBUG [Test worker] [org.apache.http.impl.execchain.MainClientExec] - Target auth state: UNCHALLENGED
s2020-10-25 21:50:10,358 DEBUG [Test worker] [org.apache.http.impl.execchain.MainClientExec] - Proxy auth state: UNCHALLENGED
s2020-10-25 21:50:10,364 DEBUG [Test worker] [org.apache.http.headers] - http-outgoing-0 >> GET /amp-storage-api/ConfigurationService/getWorkerConfig?cWorkerName=FacebookWorkerBean HTTP/1.1
s2020-10-25 21:50:10,365 DEBUG [Test worker] [org.apache.http.headers] - http-outgoing-0 >> Accept: application/json
s2020-10-25 21:50:10,365 DEBUG [Test worker] [org.apache.http.headers] - http-outgoing-0 >> Content-Type: application/json
s2020-10-25 21:50:10,365 DEBUG [Test worker] [org.apache.http.headers] - http-outgoing-0 >> Content-Type: application/json
s2020-10-25 21:50:10,365 DEBUG [Test worker] [org.apache.http.headers] - http-outgoing-0 >> Host: localhost:8090
s2020-10-25 21:50:10,365 DEBUG [Test worker] [org.apache.http.headers] - http-outgoing-0 >> Connection: Keep-Alive
s2020-10-25 21:50:10,365 DEBUG [Test worker] [org.apache.http.headers] - http-outgoing-0 >> User-Agent: Apache-HttpClient/4.5.8 (Java/1.8.0_202)
s2020-10-25 21:50:10,366 DEBUG [Test worker] [org.apache.http.headers] - http-outgoing-0 >> Accept-Encoding: gzip,deflate
s2020-10-25 21:50:10,366 DEBUG [Test worker] [org.apache.http.wire] - http-outgoing-0 >> "GET /amp-storage-api/ConfigurationService/getWorkerConfig?cWorkerName=FacebookWorkerBean HTTP/1.1[\r][\n]"
s2020-10-25 21:50:10,367 DEBUG [Test worker] [org.apache.http.wire] - http-outgoing-0 >> "Accept: application/json[\r][\n]"
s2020-10-25 21:50:10,367 DEBUG [Test worker] [org.apache.http.wire] - http-outgoing-0 >> "Content-Type: application/json[\r][\n]"
s2020-10-25 21:50:10,368 DEBUG [Test worker] [org.apache.http.wire] - http-outgoing-0 >> "Content-Type: application/json[\r][\n]"
s2020-10-25 21:50:10,368 DEBUG [Test worker] [org.apache.http.wire] - http-outgoing-0 >> "Host: localhost:8090[\r][\n]"
s2020-10-25 21:50:10,369 DEBUG [Test worker] [org.apache.http.wire] - http-outgoing-0 >> "Connection: Keep-Alive[\r][\n]"
s2020-10-25 21:50:10,370 DEBUG [Test worker] [org.apache.http.wire] - http-outgoing-0 >> "User-Agent: Apache-HttpClient/4.5.8 (Java/1.8.0_202)[\r][\n]"
s2020-10-25 21:50:10,370 DEBUG [Test worker] [org.apache.http.wire] - http-outgoing-0 >> "Accept-Encoding: gzip,deflate[\r][\n]"
s2020-10-25 21:50:10,370 DEBUG [Test worker] [org.apache.http.wire] - http-outgoing-0 >> "[\r][\n]"
s2020-10-25 21:50:10,379 DEBUG [Test worker] [org.apache.http.wire] - http-outgoing-0 << "HTTP/1.1 404 [\r][\n]"
s2020-10-25 21:50:10,379 DEBUG [Test worker] [org.apache.http.wire] - http-outgoing-0 << "Content-Type: text/html;charset=utf-8[\r][\n]"
s2020-10-25 21:50:10,379 DEBUG [Test worker] [org.apache.http.wire] - http-outgoing-0 << "Content-Language: en[\r][\n]"
s2020-10-25 21:50:10,380 DEBUG [Test worker] [org.apache.http.wire] - http-outgoing-0 << "Content-Length: 1134[\r][\n]"
s2020-10-25 21:50:10,380 DEBUG [Test worker] [org.apache.http.wire] - http-outgoing-0 << "Date: Mon, 26 Oct 2020 01:50:10 GMT[\r][\n]"
s2020-10-25 21:50:10,380 DEBUG [Test worker] [org.apache.http.wire] - http-outgoing-0 << "[\r][\n]"
s2020-10-25 21:50:10,381 DEBUG [Test worker] [org.apache.http.wire] - http-outgoing-0 << "<!doctype html><html lang="en"><head><title>HTTP Status 404 [0xe2][0x80][0x93] Not Found</title><style type="text/css">h1 {font-family:Tahoma,Arial,sans-serif;color:white;background-color:#525D76;font-size:22px;} h2 {font-family:Tahoma,Arial,sans-serif;color:white;background-color:#525D76;font-size:16px;} h3 {font-family:Tahoma,Arial,sans-serif;color:white;background-color:#525D76;font-size:14px;} body {font-family:Tahoma,Arial,sans-serif;color:black;background-color:white;} b {font-family:Tahoma,Arial,sans-serif;color:white;background-color:#525D76;} p {font-family:Tahoma,Arial,sans-serif;background:white;color:black;font-size:12px;} a {color:black;} a.name {color:black;} .line {height:1px;background-color:#525D76;border:none;}</style></head><body><h1>HTTP Status 404 [0xe2][0x80][0x93] Not Found</h1><hr class="line" /><p><b>Type</b> Status Report</p><p><b>Message</b> &#47;amp-storage-api&#47;ConfigurationService&#47;getWorkerConfig</p><p><b>Description</b> The origin server did not find a current representation for the target resource or is not willing to disclose that one exists.</p><hr class="line" /><h3>Apache Tomcat/9.0.21</h3></body></html>"
s2020-10-25 21:50:10,388 DEBUG [Test worker] [org.apache.http.headers] - http-outgoing-0 << HTTP/1.1 404 
s2020-10-25 21:50:10,388 DEBUG [Test worker] [org.apache.http.headers] - http-outgoing-0 << Content-Type: text/html;charset=utf-8
s2020-10-25 21:50:10,388 DEBUG [Test worker] [org.apache.http.headers] - http-outgoing-0 << Content-Language: en
s2020-10-25 21:50:10,388 DEBUG [Test worker] [org.apache.http.headers] - http-outgoing-0 << Content-Length: 1134
s2020-10-25 21:50:10,389 DEBUG [Test worker] [org.apache.http.headers] - http-outgoing-0 << Date: Mon, 26 Oct 2020 01:50:10 GMT
s2020-10-25 21:50:10,399 DEBUG [Test worker] [org.apache.http.impl.execchain.MainClientExec] - Connection can be kept alive indefinitely
s2020-10-25 21:50:10,413 DEBUG [Test worker] [org.springframework.web.client.RestTemplate] - Response 404 NOT_FOUND
s2020-10-25 21:50:10,419 DEBUG [Test worker] [org.apache.http.impl.conn.PoolingHttpClientConnectionManager] - Connection [id: 0][route: {}->http://localhost:8090] can be kept alive indefinitely
s2020-10-25 21:50:10,420 DEBUG [Test worker] [org.apache.http.impl.conn.DefaultManagedHttpClientConnection] - http-outgoing-0: set socket timeout to 0
s2020-10-25 21:50:10,420 DEBUG [Test worker] [org.apache.http.impl.conn.PoolingHttpClientConnectionManager] - Connection released: [id: 0][route: {}->http://localhost:8090][total kept alive: 1; route allocated: 1 of 5; total allocated: 1 of 10]
s2020-10-25 21:50:10,436 ERROR [Test worker] [com.amp.managed.storage.controller.test.ConfigurationControllerTest] - testGetWorkerConfigV2::Exception:404 : [<!doctype html><html lang="en"><head><title>HTTP Status 404 – Not Found</title><style type="text/css">h1 {font-family:Tahoma,Arial,sans-serif;color:white;background-color:#525D76;font-size:22px;} h2 {... (1134 bytes)]
s org.springframework.web.client.HttpClientErrorException$NotFound: 404 : [<!doctype html><html lang="en"><head><title>HTTP Status 404 – Not Found</title><style type="text/css">h1 {font-family:Tahoma,Arial,sans-serif;color:white;background-color:#525D76;font-size:22px;} h2 {... (1134 bytes)]
	at org.springframework.web.client.HttpClientErrorException.create(HttpClientErrorException.java:113) ~[spring-web-5.2.6.RELEASE.jar:5.2.6.RELEASE]
	at org.springframework.web.client.DefaultResponseErrorHandler.handleError(DefaultResponseErrorHandler.java:170) ~[spring-web-5.2.6.RELEASE.jar:5.2.6.RELEASE]
	at org.springframework.web.client.DefaultResponseErrorHandler.handleError(DefaultResponseErrorHandler.java:112) ~[spring-web-5.2.6.RELEASE.jar:5.2.6.RELEASE]
	at org.springframework.web.client.ResponseErrorHandler.handleError(ResponseErrorHandler.java:63) ~[spring-web-5.2.6.RELEASE.jar:5.2.6.RELEASE]
	at org.springframework.web.client.RestTemplate.handleResponse(RestTemplate.java:782) ~[spring-web-5.2.6.RELEASE.jar:5.2.6.RELEASE]
	at org.springframework.web.client.RestTemplate.doExecute(RestTemplate.java:740) ~[spring-web-5.2.6.RELEASE.jar:5.2.6.RELEASE]
	at org.springframework.web.client.RestTemplate.execute(RestTemplate.java:674) ~[spring-web-5.2.6.RELEASE.jar:5.2.6.RELEASE]
	at org.springframework.web.client.RestTemplate.exchange(RestTemplate.java:583) ~[spring-web-5.2.6.RELEASE.jar:5.2.6.RELEASE]
	at com.amp.managed.storage.controller.test.ConfigurationControllerTest.testGetWorkerConfigV2(ConfigurationControllerTest.java:259) [test/:?]
	at sun.reflect.NativeMethodAccessorImpl.invoke0(Native Method) ~[?:1.8.0_202]
	at sun.reflect.NativeMethodAccessorImpl.invoke(NativeMethodAccessorImpl.java:62) ~[?:1.8.0_202]
	at sun.reflect.DelegatingMethodAccessorImpl.invoke(DelegatingMethodAccessorImpl.java:43) ~[?:1.8.0_202]
	at java.lang.reflect.Method.invoke(Method.java:498) ~[?:1.8.0_202]
	at org.junit.runners.model.FrameworkMethod$1.runReflectiveCall(FrameworkMethod.java:50) [junit-4.12.jar:4.12]
	at org.junit.internal.runners.model.ReflectiveCallable.run(ReflectiveCallable.java:12) [junit-4.12.jar:4.12]
	at org.junit.runners.model.FrameworkMethod.invokeExplosively(FrameworkMethod.java:47) [junit-4.12.jar:4.12]
	at org.junit.internal.runners.statements.InvokeMethod.evaluate(InvokeMethod.java:17) [junit-4.12.jar:4.12]
	at org.junit.internal.runners.statements.RunBefores.evaluate(RunBefores.java:26) [junit-4.12.jar:4.12]
	at org.junit.internal.runners.statements.RunAfters.evaluate(RunAfters.java:27) [junit-4.12.jar:4.12]
	at org.junit.runners.ParentRunner.runLeaf(ParentRunner.java:325) [junit-4.12.jar:4.12]
	at org.junit.runners.BlockJUnit4ClassRunner.runChild(BlockJUnit4ClassRunner.java:78) [junit-4.12.jar:4.12]
	at org.junit.runners.BlockJUnit4ClassRunner.runChild(BlockJUnit4ClassRunner.java:57) [junit-4.12.jar:4.12]
	at org.junit.runners.ParentRunner$3.run(ParentRunner.java:290) [junit-4.12.jar:4.12]
	at org.junit.runners.ParentRunner$1.schedule(ParentRunner.java:71) [junit-4.12.jar:4.12]
	at org.junit.runners.ParentRunner.runChildren(ParentRunner.java:288) [junit-4.12.jar:4.12]
	at org.junit.runners.ParentRunner.access$000(ParentRunner.java:58) [junit-4.12.jar:4.12]
	at org.junit.runners.ParentRunner$2.evaluate(ParentRunner.java:268) [junit-4.12.jar:4.12]
	at org.junit.runners.ParentRunner.run(ParentRunner.java:363) [junit-4.12.jar:4.12]
	at org.gradle.api.internal.tasks.testing.junit.JUnitTestClassExecutor.runTestClass(JUnitTestClassExecutor.java:110) [gradle-testing-jvm-5.0.jar:5.0]
	at org.gradle.api.internal.tasks.testing.junit.JUnitTestClassExecutor.execute(JUnitTestClassExecutor.java:58) [gradle-testing-jvm-5.0.jar:5.0]
	at org.gradle.api.internal.tasks.testing.junit.JUnitTestClassExecutor.execute(JUnitTestClassExecutor.java:38) [gradle-testing-jvm-5.0.jar:5.0]
	at org.gradle.api.internal.tasks.testing.junit.AbstractJUnitTestClassProcessor.processTestClass(AbstractJUnitTestClassProcessor.java:66) [gradle-testing-jvm-5.0.jar:5.0]
	at org.gradle.api.internal.tasks.testing.SuiteTestClassProcessor.processTestClass(SuiteTestClassProcessor.java:51) [gradle-testing-base-5.0.jar:5.0]
	at sun.reflect.NativeMethodAccessorImpl.invoke0(Native Method) ~[?:1.8.0_202]
	at sun.reflect.NativeMethodAccessorImpl.invoke(NativeMethodAccessorImpl.java:62) ~[?:1.8.0_202]
	at sun.reflect.DelegatingMethodAccessorImpl.invoke(DelegatingMethodAccessorImpl.java:43) ~[?:1.8.0_202]
	at java.lang.reflect.Method.invoke(Method.java:498) ~[?:1.8.0_202]
	at org.gradle.internal.dispatch.ReflectionDispatch.dispatch(ReflectionDispatch.java:35) [gradle-messaging-5.0.jar:5.0]
	at org.gradle.internal.dispatch.ReflectionDispatch.dispatch(ReflectionDispatch.java:24) [gradle-messaging-5.0.jar:5.0]
	at org.gradle.internal.dispatch.ContextClassLoaderDispatch.dispatch(ContextClassLoaderDispatch.java:32) [gradle-messaging-5.0.jar:5.0]
	at org.gradle.internal.dispatch.ProxyDispatchAdapter$DispatchingInvocationHandler.invoke(ProxyDispatchAdapter.java:93) [gradle-messaging-5.0.jar:5.0]
	at com.sun.proxy.$Proxy2.processTestClass(Unknown Source) [?:?]
	at org.gradle.api.internal.tasks.testing.worker.TestWorker.processTestClass(TestWorker.java:118) [gradle-testing-base-5.0.jar:5.0]
	at sun.reflect.NativeMethodAccessorImpl.invoke0(Native Method) ~[?:1.8.0_202]
	at sun.reflect.NativeMethodAccessorImpl.invoke(NativeMethodAccessorImpl.java:62) ~[?:1.8.0_202]
	at sun.reflect.DelegatingMethodAccessorImpl.invoke(DelegatingMethodAccessorImpl.java:43) ~[?:1.8.0_202]
	at java.lang.reflect.Method.invoke(Method.java:498) ~[?:1.8.0_202]
	at org.gradle.internal.dispatch.ReflectionDispatch.dispatch(ReflectionDispatch.java:35) [gradle-messaging-5.0.jar:5.0]
	at org.gradle.internal.dispatch.ReflectionDispatch.dispatch(ReflectionDispatch.java:24) [gradle-messaging-5.0.jar:5.0]
	at org.gradle.internal.remote.internal.hub.MessageHubBackedObjectConnection$DispatchWrapper.dispatch(MessageHubBackedObjectConnection.java:175) [gradle-messaging-5.0.jar:5.0]
	at org.gradle.internal.remote.internal.hub.MessageHubBackedObjectConnection$DispatchWrapper.dispatch(MessageHubBackedObjectConnection.java:157) [gradle-messaging-5.0.jar:5.0]
	at org.gradle.internal.remote.internal.hub.MessageHub$Handler.run(MessageHub.java:404) [gradle-messaging-5.0.jar:5.0]
	at org.gradle.internal.concurrent.ExecutorPolicy$CatchAndRecordFailures.onExecute(ExecutorPolicy.java:63) [gradle-base-services-5.0.jar:5.0]
	at org.gradle.internal.concurrent.ManagedExecutorImpl$1.run(ManagedExecutorImpl.java:46) [gradle-base-services-5.0.jar:5.0]
	at java.util.concurrent.ThreadPoolExecutor.runWorker(ThreadPoolExecutor.java:1149) [?:1.8.0_202]
	at java.util.concurrent.ThreadPoolExecutor$Worker.run(ThreadPoolExecutor.java:624) [?:1.8.0_202]
	at org.gradle.internal.concurrent.ThreadFactoryImpl$ManagedThreadRunnable.run(ThreadFactoryImpl.java:55) [gradle-base-services-5.0.jar:5.0]
	at java.lang.Thread.run(Thread.java:748) [?:1.8.0_202]
]]></system-out>
  <system-err><![CDATA[]]></system-err>
</testsuite>
