<?xml version="1.0" encoding="UTF-8"?>
<testsuite name="com.amp.managed.storage.controller.test.ConfigurationControllerTest" tests="4" skipped="3" failures="0" errors="0" timestamp="2020-07-31T03:08:00" hostname="CAW1PF16H7PB" time="11.468">
  <properties/>
  <testcase name="testSayHello" classname="com.amp.managed.storage.controller.test.ConfigurationControllerTest" time="0.0">
    <skipped/>
  </testcase>
  <testcase name="testGetWorkerConfigV1" classname="com.amp.managed.storage.controller.test.ConfigurationControllerTest" time="0.0">
    <skipped/>
  </testcase>
  <testcase name="testGetWorkerConfigV2" classname="com.amp.managed.storage.controller.test.ConfigurationControllerTest" time="8.979"/>
  <testcase name="testStorageBaseLogic" classname="com.amp.managed.storage.controller.test.ConfigurationControllerTest" time="0.0">
    <skipped/>
  </testcase>
  <system-out><![CDATA[2020-07-30 23:08:05,698 INFO [Test worker] [com.amp.managed.storage.controller.test.ConfigurationControllerTest] - testGetWorkerConfigV2::formattedURL: http://localhost:8090/amp-storage-api/ConfigurationService/getWorkerConfig
s2020-07-30 23:08:06,171 DEBUG [Test worker] [org.springframework.web.client.RestTemplate] - HTTP GET http://localhost:8090/amp-storage-api/ConfigurationService/getWorkerConfig?cWorkerName=FacebookWorkerBean
s2020-07-30 23:08:06,823 DEBUG [Test worker] [org.springframework.web.client.RestTemplate] - Accept=[application/xml, text/xml, application/json, application/*+xml, application/*+json]
s2020-07-30 23:08:06,984 DEBUG [Test worker] [org.apache.http.client.protocol.RequestAddCookies] - CookieSpec selected: default
s2020-07-30 23:08:07,088 DEBUG [Test worker] [org.apache.http.client.protocol.RequestAuthCache] - Auth cache not set in the context
s2020-07-30 23:08:07,096 DEBUG [Test worker] [org.apache.http.impl.conn.PoolingHttpClientConnectionManager] - Connection request: [route: {}->http://localhost:8090][total kept alive: 0; route allocated: 0 of 5; total allocated: 0 of 10]
s2020-07-30 23:08:07,237 DEBUG [Test worker] [org.apache.http.impl.conn.PoolingHttpClientConnectionManager] - Connection leased: [id: 0][route: {}->http://localhost:8090][total kept alive: 0; route allocated: 1 of 5; total allocated: 1 of 10]
s2020-07-30 23:08:07,272 DEBUG [Test worker] [org.apache.http.impl.execchain.MainClientExec] - Opening connection {}->http://localhost:8090
s2020-07-30 23:08:07,289 DEBUG [Test worker] [org.apache.http.impl.conn.DefaultHttpClientConnectionOperator] - Connecting to localhost/127.0.0.1:8090
s2020-07-30 23:08:09,504 DEBUG [Test worker] [org.apache.http.impl.conn.DefaultHttpClientConnectionOperator] - Connect to localhost/127.0.0.1:8090 timed out. Connection will be retried using another IP address
s2020-07-30 23:08:09,505 DEBUG [Test worker] [org.apache.http.impl.conn.DefaultHttpClientConnectionOperator] - Connecting to localhost/0:0:0:0:0:0:0:1:8090
s2020-07-30 23:08:12,010 DEBUG [Test worker] [org.apache.http.impl.conn.DefaultManagedHttpClientConnection] - http-outgoing-0: Shutdown connection
s2020-07-30 23:08:12,011 DEBUG [Test worker] [org.apache.http.impl.execchain.MainClientExec] - Connection discarded
s2020-07-30 23:08:12,011 DEBUG [Test worker] [org.apache.http.impl.conn.PoolingHttpClientConnectionManager] - Connection released: [id: 0][route: {}->http://localhost:8090][total kept alive: 0; route allocated: 0 of 5; total allocated: 0 of 10]
s2020-07-30 23:08:12,013 ERROR [Test worker] [com.amp.managed.storage.controller.test.ConfigurationControllerTest] - testGetWorkerConfigV2::Exception:I/O error on GET request for "http://localhost:8090/amp-storage-api/ConfigurationService/getWorkerConfig": Connect to localhost:8090 [localhost/127.0.0.1, localhost/0:0:0:0:0:0:0:1] failed: Connection refused: connect; nested exception is org.apache.http.conn.HttpHostConnectException: Connect to localhost:8090 [localhost/127.0.0.1, localhost/0:0:0:0:0:0:0:1] failed: Connection refused: connect
s org.springframework.web.client.ResourceAccessException: I/O error on GET request for "http://localhost:8090/amp-storage-api/ConfigurationService/getWorkerConfig": Connect to localhost:8090 [localhost/127.0.0.1, localhost/0:0:0:0:0:0:0:1] failed: Connection refused: connect; nested exception is org.apache.http.conn.HttpHostConnectException: Connect to localhost:8090 [localhost/127.0.0.1, localhost/0:0:0:0:0:0:0:1] failed: Connection refused: connect
	at org.springframework.web.client.RestTemplate.doExecute(RestTemplate.java:748) ~[spring-web-5.2.6.RELEASE.jar:5.2.6.RELEASE]
	at org.springframework.web.client.RestTemplate.execute(RestTemplate.java:674) ~[spring-web-5.2.6.RELEASE.jar:5.2.6.RELEASE]
	at org.springframework.web.client.RestTemplate.exchange(RestTemplate.java:583) ~[spring-web-5.2.6.RELEASE.jar:5.2.6.RELEASE]
	at com.amp.managed.storage.controller.test.ConfigurationControllerTest.testGetWorkerConfigV2(ConfigurationControllerTest.java:259) [test/:?]
	at sun.reflect.NativeMethodAccessorImpl.invoke0(Native Method) ~[?:1.8.0_202]
	at sun.reflect.NativeMethodAccessorImpl.invoke(NativeMethodAccessorImpl.java:62) ~[?:1.8.0_202]
	at sun.reflect.DelegatingMethodAccessorImpl.invoke(DelegatingMethodAccessorImpl.java:43) ~[?:1.8.0_202]
	at java.lang.reflect.Method.invoke(Method.java:498) ~[?:1.8.0_202]
	at org.junit.runners.model.FrameworkMethod$1.runReflectiveCall(FrameworkMethod.java:50) [junit-4.12.jar:4.12]
	at org.junit.internal.runners.model.ReflectiveCallable.run(ReflectiveCallable.java:12) [junit-4.12.jar:4.12]
	at org.junit.runners.model.FrameworkMethod.invokeExplosively(FrameworkMethod.java:47) [junit-4.12.jar:4.12]
	at org.junit.internal.runners.statements.InvokeMethod.evaluate(InvokeMethod.java:17) [junit-4.12.jar:4.12]
	at org.junit.internal.runners.statements.RunBefores.evaluate(RunBefores.java:26) [junit-4.12.jar:4.12]
	at org.junit.internal.runners.statements.RunAfters.evaluate(RunAfters.java:27) [junit-4.12.jar:4.12]
	at org.junit.runners.ParentRunner.runLeaf(ParentRunner.java:325) [junit-4.12.jar:4.12]
	at org.junit.runners.BlockJUnit4ClassRunner.runChild(BlockJUnit4ClassRunner.java:78) [junit-4.12.jar:4.12]
	at org.junit.runners.BlockJUnit4ClassRunner.runChild(BlockJUnit4ClassRunner.java:57) [junit-4.12.jar:4.12]
	at org.junit.runners.ParentRunner$3.run(ParentRunner.java:290) [junit-4.12.jar:4.12]
	at org.junit.runners.ParentRunner$1.schedule(ParentRunner.java:71) [junit-4.12.jar:4.12]
	at org.junit.runners.ParentRunner.runChildren(ParentRunner.java:288) [junit-4.12.jar:4.12]
	at org.junit.runners.ParentRunner.access$000(ParentRunner.java:58) [junit-4.12.jar:4.12]
	at org.junit.runners.ParentRunner$2.evaluate(ParentRunner.java:268) [junit-4.12.jar:4.12]
	at org.junit.runners.ParentRunner.run(ParentRunner.java:363) [junit-4.12.jar:4.12]
	at org.gradle.api.internal.tasks.testing.junit.JUnitTestClassExecutor.runTestClass(JUnitTestClassExecutor.java:110) [gradle-testing-jvm-5.0.jar:5.0]
	at org.gradle.api.internal.tasks.testing.junit.JUnitTestClassExecutor.execute(JUnitTestClassExecutor.java:58) [gradle-testing-jvm-5.0.jar:5.0]
	at org.gradle.api.internal.tasks.testing.junit.JUnitTestClassExecutor.execute(JUnitTestClassExecutor.java:38) [gradle-testing-jvm-5.0.jar:5.0]
	at org.gradle.api.internal.tasks.testing.junit.AbstractJUnitTestClassProcessor.processTestClass(AbstractJUnitTestClassProcessor.java:66) [gradle-testing-jvm-5.0.jar:5.0]
	at org.gradle.api.internal.tasks.testing.SuiteTestClassProcessor.processTestClass(SuiteTestClassProcessor.java:51) [gradle-testing-base-5.0.jar:5.0]
	at sun.reflect.NativeMethodAccessorImpl.invoke0(Native Method) ~[?:1.8.0_202]
	at sun.reflect.NativeMethodAccessorImpl.invoke(NativeMethodAccessorImpl.java:62) ~[?:1.8.0_202]
	at sun.reflect.DelegatingMethodAccessorImpl.invoke(DelegatingMethodAccessorImpl.java:43) ~[?:1.8.0_202]
	at java.lang.reflect.Method.invoke(Method.java:498) ~[?:1.8.0_202]
	at org.gradle.internal.dispatch.ReflectionDispatch.dispatch(ReflectionDispatch.java:35) [gradle-messaging-5.0.jar:5.0]
	at org.gradle.internal.dispatch.ReflectionDispatch.dispatch(ReflectionDispatch.java:24) [gradle-messaging-5.0.jar:5.0]
	at org.gradle.internal.dispatch.ContextClassLoaderDispatch.dispatch(ContextClassLoaderDispatch.java:32) [gradle-messaging-5.0.jar:5.0]
	at org.gradle.internal.dispatch.ProxyDispatchAdapter$DispatchingInvocationHandler.invoke(ProxyDispatchAdapter.java:93) [gradle-messaging-5.0.jar:5.0]
	at com.sun.proxy.$Proxy2.processTestClass(Unknown Source) [?:?]
	at org.gradle.api.internal.tasks.testing.worker.TestWorker.processTestClass(TestWorker.java:118) [gradle-testing-base-5.0.jar:5.0]
	at sun.reflect.NativeMethodAccessorImpl.invoke0(Native Method) ~[?:1.8.0_202]
	at sun.reflect.NativeMethodAccessorImpl.invoke(NativeMethodAccessorImpl.java:62) ~[?:1.8.0_202]
	at sun.reflect.DelegatingMethodAccessorImpl.invoke(DelegatingMethodAccessorImpl.java:43) ~[?:1.8.0_202]
	at java.lang.reflect.Method.invoke(Method.java:498) ~[?:1.8.0_202]
	at org.gradle.internal.dispatch.ReflectionDispatch.dispatch(ReflectionDispatch.java:35) [gradle-messaging-5.0.jar:5.0]
	at org.gradle.internal.dispatch.ReflectionDispatch.dispatch(ReflectionDispatch.java:24) [gradle-messaging-5.0.jar:5.0]
	at org.gradle.internal.remote.internal.hub.MessageHubBackedObjectConnection$DispatchWrapper.dispatch(MessageHubBackedObjectConnection.java:175) [gradle-messaging-5.0.jar:5.0]
	at org.gradle.internal.remote.internal.hub.MessageHubBackedObjectConnection$DispatchWrapper.dispatch(MessageHubBackedObjectConnection.java:157) [gradle-messaging-5.0.jar:5.0]
	at org.gradle.internal.remote.internal.hub.MessageHub$Handler.run(MessageHub.java:404) [gradle-messaging-5.0.jar:5.0]
	at org.gradle.internal.concurrent.ExecutorPolicy$CatchAndRecordFailures.onExecute(ExecutorPolicy.java:63) [gradle-base-services-5.0.jar:5.0]
	at org.gradle.internal.concurrent.ManagedExecutorImpl$1.run(ManagedExecutorImpl.java:46) [gradle-base-services-5.0.jar:5.0]
	at java.util.concurrent.ThreadPoolExecutor.runWorker(ThreadPoolExecutor.java:1149) [?:1.8.0_202]
	at java.util.concurrent.ThreadPoolExecutor$Worker.run(ThreadPoolExecutor.java:624) [?:1.8.0_202]
	at org.gradle.internal.concurrent.ThreadFactoryImpl$ManagedThreadRunnable.run(ThreadFactoryImpl.java:55) [gradle-base-services-5.0.jar:5.0]
	at java.lang.Thread.run(Thread.java:748) [?:1.8.0_202]
Caused by: org.apache.http.conn.HttpHostConnectException: Connect to localhost:8090 [localhost/127.0.0.1, localhost/0:0:0:0:0:0:0:1] failed: Connection refused: connect
	at org.apache.http.impl.conn.DefaultHttpClientConnectionOperator.connect(DefaultHttpClientConnectionOperator.java:156) ~[httpclient-4.5.8.jar:4.5.8]
	at org.apache.http.impl.conn.PoolingHttpClientConnectionManager.connect(PoolingHttpClientConnectionManager.java:374) ~[httpclient-4.5.8.jar:4.5.8]
	at org.apache.http.impl.execchain.MainClientExec.establishRoute(MainClientExec.java:393) ~[httpclient-4.5.8.jar:4.5.8]
	at org.apache.http.impl.execchain.MainClientExec.execute(MainClientExec.java:236) ~[httpclient-4.5.8.jar:4.5.8]
	at org.apache.http.impl.execchain.ProtocolExec.execute(ProtocolExec.java:186) ~[httpclient-4.5.8.jar:4.5.8]
	at org.apache.http.impl.execchain.RetryExec.execute(RetryExec.java:89) ~[httpclient-4.5.8.jar:4.5.8]
	at org.apache.http.impl.execchain.RedirectExec.execute(RedirectExec.java:110) ~[httpclient-4.5.8.jar:4.5.8]
	at org.apache.http.impl.client.InternalHttpClient.doExecute(InternalHttpClient.java:185) ~[httpclient-4.5.8.jar:4.5.8]
	at org.apache.http.impl.client.CloseableHttpClient.execute(CloseableHttpClient.java:83) ~[httpclient-4.5.8.jar:4.5.8]
	at org.apache.http.impl.client.CloseableHttpClient.execute(CloseableHttpClient.java:56) ~[httpclient-4.5.8.jar:4.5.8]
	at org.springframework.http.client.HttpComponentsClientHttpRequest.executeInternal(HttpComponentsClientHttpRequest.java:87) ~[spring-web-5.2.6.RELEASE.jar:5.2.6.RELEASE]
	at org.springframework.http.client.AbstractBufferingClientHttpRequest.executeInternal(AbstractBufferingClientHttpRequest.java:48) ~[spring-web-5.2.6.RELEASE.jar:5.2.6.RELEASE]
	at org.springframework.http.client.AbstractClientHttpRequest.execute(AbstractClientHttpRequest.java:53) ~[spring-web-5.2.6.RELEASE.jar:5.2.6.RELEASE]
	at org.springframework.web.client.RestTemplate.doExecute(RestTemplate.java:739) ~[spring-web-5.2.6.RELEASE.jar:5.2.6.RELEASE]
	... 52 more
Caused by: java.net.ConnectException: Connection refused: connect
	at java.net.DualStackPlainSocketImpl.connect0(Native Method) ~[?:1.8.0_202]
	at java.net.DualStackPlainSocketImpl.socketConnect(DualStackPlainSocketImpl.java:79) ~[?:1.8.0_202]
	at java.net.AbstractPlainSocketImpl.doConnect(AbstractPlainSocketImpl.java:350) ~[?:1.8.0_202]
	at java.net.AbstractPlainSocketImpl.connectToAddress(AbstractPlainSocketImpl.java:206) ~[?:1.8.0_202]
	at java.net.AbstractPlainSocketImpl.connect(AbstractPlainSocketImpl.java:188) ~[?:1.8.0_202]
	at java.net.PlainSocketImpl.connect(PlainSocketImpl.java:172) ~[?:1.8.0_202]
	at java.net.SocksSocketImpl.connect(SocksSocketImpl.java:392) ~[?:1.8.0_202]
	at java.net.Socket.connect(Socket.java:589) ~[?:1.8.0_202]
	at org.apache.http.conn.socket.PlainConnectionSocketFactory.connectSocket(PlainConnectionSocketFactory.java:75) ~[httpclient-4.5.8.jar:4.5.8]
	at org.apache.http.impl.conn.DefaultHttpClientConnectionOperator.connect(DefaultHttpClientConnectionOperator.java:142) ~[httpclient-4.5.8.jar:4.5.8]
	at org.apache.http.impl.conn.PoolingHttpClientConnectionManager.connect(PoolingHttpClientConnectionManager.java:374) ~[httpclient-4.5.8.jar:4.5.8]
	at org.apache.http.impl.execchain.MainClientExec.establishRoute(MainClientExec.java:393) ~[httpclient-4.5.8.jar:4.5.8]
	at org.apache.http.impl.execchain.MainClientExec.execute(MainClientExec.java:236) ~[httpclient-4.5.8.jar:4.5.8]
	at org.apache.http.impl.execchain.ProtocolExec.execute(ProtocolExec.java:186) ~[httpclient-4.5.8.jar:4.5.8]
	at org.apache.http.impl.execchain.RetryExec.execute(RetryExec.java:89) ~[httpclient-4.5.8.jar:4.5.8]
	at org.apache.http.impl.execchain.RedirectExec.execute(RedirectExec.java:110) ~[httpclient-4.5.8.jar:4.5.8]
	at org.apache.http.impl.client.InternalHttpClient.doExecute(InternalHttpClient.java:185) ~[httpclient-4.5.8.jar:4.5.8]
	at org.apache.http.impl.client.CloseableHttpClient.execute(CloseableHttpClient.java:83) ~[httpclient-4.5.8.jar:4.5.8]
	at org.apache.http.impl.client.CloseableHttpClient.execute(CloseableHttpClient.java:56) ~[httpclient-4.5.8.jar:4.5.8]
	at org.springframework.http.client.HttpComponentsClientHttpRequest.executeInternal(HttpComponentsClientHttpRequest.java:87) ~[spring-web-5.2.6.RELEASE.jar:5.2.6.RELEASE]
	at org.springframework.http.client.AbstractBufferingClientHttpRequest.executeInternal(AbstractBufferingClientHttpRequest.java:48) ~[spring-web-5.2.6.RELEASE.jar:5.2.6.RELEASE]
	at org.springframework.http.client.AbstractClientHttpRequest.execute(AbstractClientHttpRequest.java:53) ~[spring-web-5.2.6.RELEASE.jar:5.2.6.RELEASE]
	at org.springframework.web.client.RestTemplate.doExecute(RestTemplate.java:739) ~[spring-web-5.2.6.RELEASE.jar:5.2.6.RELEASE]
	... 52 more
]]></system-out>
  <system-err><![CDATA[]]></system-err>
</testsuite>
